<?xml version="1.0" encoding="UTF-8"?>
<testsuite xmlns:xsi="http://www.w3.org/2001/XMLSchema-instance" xsi:noNamespaceSchemaLocation="https://maven.apache.org/surefire/maven-surefire-plugin/xsd/surefire-test-report.xsd" version="3.0.2" name="com.scpm.inmemory.scpminmemory.ScpminmemoryApplicationTests" time="7.129" tests="1" errors="0" skipped="0" failures="0">
  <properties>
[...]
</properties>
  <testcase name="contextLoads" classname="com.scpm.inmemory.scpminmemory.ScpminmemoryApplicationTests" time="1.233">
    <system-out><![CDATA[Standard Commons Logging discovery in action with spring-jcl: please remove commons-logging.jar from classpath in order to avoid potential conflicts
23:18:33.159 [main] INFO org.springframework.test.context.support.AnnotationConfigContextLoaderUtils -- Could not detect default configuration classes for test class [com.scpm.inmemory.scpminmemory.ScpminmemoryApplicationTests]: ScpminmemoryApplicationTests does not declare any static, non-private, non-final, nested classes annotated with @Configuration.
23:18:33.445 [main] INFO org.springframework.boot.test.context.SpringBootTestContextBootstrapper -- Found @SpringBootConfiguration com.scpm.inmemory.scpminmemory.ScpminmemoryApplication for test class com.scpm.inmemory.scpminmemory.ScpminmemoryApplicationTests
23:18:33.815 [main] INFO org.springframework.boot.devtools.restart.RestartApplicationListener -- Restart disabled due to context in which it is running

  .   ____          _            __ _ _
 /\\ / ___'_ __ _ _(_)_ __  __ _ \ \ \ \
( ( )\___ | '_ | '_| | '_ \/ _` | \ \ \ \
 \\/  ___)| |_)| | | | | || (_| |  ) ) ) )
  '  |____| .__|_| |_|_| |_\__, | / / / /
 =========|_|==============|___/=/_/_/_/

 :: Spring Boot ::                (v3.5.6)

2026-03-03T23:18:34.429+02:00  INFO 22524 --- [scpminmemory] [           main] c.s.i.s.ScpminmemoryApplicationTests     : Starting ScpminmemoryApplicationTests using Java 17.0.12 with PID 22524 (started by Admin in C:\Users\Admin\Desktop\scpms_inmemeory\scpminmemory)
2026-03-03T23:18:34.430+02:00  INFO 22524 --- [scpminmemory] [           main] c.s.i.s.ScpminmemoryApplicationTests     : The following 1 profile is active: "dev"
2026-03-03T23:18:37.583+02:00  INFO 22524 --- [scpminmemory] [           main] r$InitializeUserDetailsManagerConfigurer : Global AuthenticationManager configured with UserDetailsService bean with name userDetailsServices
Loading PRODUCTION security configuration (OAuth2 Resource Server Only)
2026-03-03T23:18:38.760+02:00  INFO 22524 --- [scpminmemory] [           main] c.s.i.s.ScpminmemoryApplicationTests     : Started ScpminmemoryApplicationTests in 4.985 seconds (process running for 6.888)
]]></system-out>
  </testcase>
</testsuite>