<?xml version="1.0" encoding="UTF-8"?>
<testsuite xmlns:xsi="http://www.w3.org/2001/XMLSchema-instance" xsi:noNamespaceSchemaLocation="https://maven.apache.org/surefire/maven-surefire-plugin/xsd/surefire-test-report.xsd" version="3.0.2" name="com.scpm.inmemory.scpminmemory.ScpminmemoryApplicationTests" time="7.351" tests="1" errors="0" skipped="0" failures="0">
  <properties>
[...]
</properties>
  <testcase name="contextLoads" classname="com.scpm.inmemory.scpminmemory.ScpminmemoryApplicationTests" time="1.254">
    <system-out><![CDATA[Standard Commons Logging discovery in action with spring-jcl: please remove commons-logging.jar from classpath in order to avoid potential conflicts
16:51:24.176 [main] INFO org.springframework.test.context.support.AnnotationConfigContextLoaderUtils -- Could not detect default configuration classes for test class [com.scpm.inmemory.scpminmemory.ScpminmemoryApplicationTests]: ScpminmemoryApplicationTests does not declare any static, non-private, non-final, nested classes annotated with @Configuration.
16:51:24.430 [main] INFO org.springframework.boot.test.context.SpringBootTestContextBootstrapper -- Found @SpringBootConfiguration com.scpm.inmemory.scpminmemory.ScpminmemoryApplication for test class com.scpm.inmemory.scpminmemory.ScpminmemoryApplicationTests
16:51:24.810 [main] INFO org.springframework.boot.devtools.restart.RestartApplicationListener -- Restart disabled due to context in which it is running

  .   ____          _            __ _ _
 /\\ / ___'_ __ _ _(_)_ __  __ _ \ \ \ \
( ( )\___ | '_ | '_| | '_ \/ _` | \ \ \ \
 \\/  ___)| |_)| | | | | || (_| |  ) ) ) )
  '  |____| .__|_| |_|_| |_\__, | / / / /
 =========|_|==============|___/=/_/_/_/

 :: Spring Boot ::                (v3.5.6)

2026-03-20T16:51:25.377+02:00  INFO 21244 --- [scpminmemory] [           main] c.s.i.s.ScpminmemoryApplicationTests     : Starting ScpminmemoryApplicationTests using Java 17.0.12 with PID 21244 (started by Admin in C:\Users\Admin\Desktop\scpms_inmemeory\scpminmemory)
2026-03-20T16:51:25.391+02:00  INFO 21244 --- [scpminmemory] [           main] c.s.i.s.ScpminmemoryApplicationTests     : The following 1 profile is active: "dev"
2026-03-20T16:51:25.443+02:00 DEBUG 21244 --- [scpminmemory] [           main] o.s.w.c.s.GenericWebApplicationContext   : Refreshing org.springframework.web.context.support.GenericWebApplicationContext@5e8a459
2026-03-20T16:51:28.323+02:00 DEBUG 21244 --- [scpminmemory] [           main] s.w.s.m.m.a.RequestMappingHandlerMapping : 54 mappings in 'requestMappingHandlerMapping'
2026-03-20T16:51:28.514+02:00 DEBUG 21244 --- [scpminmemory] [           main] o.s.w.s.handler.SimpleUrlHandlerMapping  : Patterns [/webjars/**, /**] in 'resourceHandlerMapping'
2026-03-20T16:51:28.539+02:00 TRACE 21244 --- [scpminmemory] [           main] eGlobalAuthenticationAutowiredConfigurer : Eagerly initializing {securityConfigurations=com.scpm.inmemory.scpminmemory.userService.config.filterchain.SecurityConfigurations$$SpringCGLIB$$0@feb098f}
2026-03-20T16:51:28.557+02:00  INFO 21244 --- [scpminmemory] [           main] r$InitializeUserDetailsManagerConfigurer : Global AuthenticationManager configured with UserDetailsService bean with name userDetailsServices
REDIRECT URI= http://localhost:5173/callback
PORT URI= http://localhost:5173
CLIENT ID= abhi
client password = abhi123
2026-03-20T16:51:29.317+02:00 DEBUG 21244 --- [scpminmemory] [           main] o.s.s.web.DefaultSecurityFilterChain     : Will secure org.springframework.security.oauth2.server.authorization.config.annotation.web.configurers.OAuth2AuthorizationServerConfigurer$$Lambda$1142/0x000001c1b14642c0@68dfda77 with filters: DisableEncodeUrlFilter, WebAsyncManagerIntegrationFilter, SecurityContextHolderFilter, AuthorizationServerContextFilter, HeaderWriterFilter, CorsFilter, CsrfFilter, OidcLogoutEndpointFilter, LogoutFilter, OAuth2AuthorizationServerMetadataEndpointFilter, OAuth2AuthorizationEndpointFilter, OAuth2DeviceVerificationEndpointFilter, OidcProviderConfigurationEndpointFilter, NimbusJwkSetEndpointFilter, OAuth2ClientAuthenticationFilter, BearerTokenAuthenticationFilter, AuthenticationFilter, RequestCacheAwareFilter, SecurityContextHolderAwareRequestFilter, AnonymousAuthenticationFilter, ExceptionTranslationFilter, AuthorizationFilter, OAuth2TokenEndpointFilter, OAuth2TokenIntrospectionEndpointFilter, OAuth2TokenRevocationEndpointFilter, OAuth2DeviceAuthorizationEndpointFilter, OidcUserInfoEndpointFilter
Loading PRODUCTION security configuration (OAuth2 Resource Server Only)
2026-03-20T16:51:29.404+02:00 DEBUG 21244 --- [scpminmemory] [           main] o.s.s.web.DefaultSecurityFilterChain     : Will secure any request with filters: DisableEncodeUrlFilter, WebAsyncManagerIntegrationFilter, SecurityContextHolderFilter, HeaderWriterFilter, CorsFilter, LogoutFilter, UsernamePasswordAuthenticationFilter, BearerTokenAuthenticationFilter, AuthenticationFilter, RequestCacheAwareFilter, SecurityContextHolderAwareRequestFilter, AnonymousAuthenticationFilter, ExceptionTranslationFilter, AuthorizationFilter
2026-03-20T16:51:29.758+02:00 DEBUG 21244 --- [scpminmemory] [           main] s.w.s.m.m.a.RequestMappingHandlerAdapter : ControllerAdvice beans: 0 @ModelAttribute, 0 @InitBinder, 1 RequestBodyAdvice, 1 ResponseBodyAdvice
2026-03-20T16:51:29.858+02:00 DEBUG 21244 --- [scpminmemory] [           main] .m.m.a.ExceptionHandlerExceptionResolver : ControllerAdvice beans: 1 @ExceptionHandler, 1 ResponseBodyAdvice
2026-03-20T16:51:29.997+02:00  INFO 21244 --- [scpminmemory] [           main] c.s.i.s.ScpminmemoryApplicationTests     : Started ScpminmemoryApplicationTests in 5.22 seconds (process running for 7.261)
]]></system-out>
  </testcase>
</testsuite>